<?xml version="1.0" encoding="UTF-8"?>
<!-- Generated by org.testng.reporters.JUnitXMLReporter -->
<testsuite hostname="JIM-TI9325" name="Test" tests="4" failures="0" timestamp="16 Jul 2016 08:01:48 GMT" time="86.409" errors="0">
  <testcase name="Invalid_login" time="12.838" classname="testScripts.Senario_login"/>
  <testcase name="Valid_Login_test" time="18.378" classname="testScripts.Senario_login"/>
  <testcase name="Invalid_Search" time="5.46" classname="testScripts.Search_Scenario"/>
  <testcase name="Valid_Search" time="7.154" classname="testScripts.Search_Scenario"/>
</testsuite> <!-- Test -->
