<?xml version="1.0" encoding="UTF-8"?>
<!-- Generated by org.testng.reporters.JUnitXMLReporter -->
<testsuite hostname="JIM-TI9325" name="Test" tests="4" failures="0" timestamp="24 Jul 2016 06:11:48 GMT" time="48.073" errors="0">
  <testcase name="Valid_Login_test" time="5.642" classname="testScripts.Senario_login"/>
  <testcase name="Valid_Search" time="2.849" classname="testScripts.Search_Scenario"/>
  <testcase name="Valid_Search" time="4.133" classname="testScripts.Search_Scenario"/>
  <testcase name="Valid_Search" time="1.701" classname="testScripts.Search_Scenario"/>
</testsuite> <!-- Test -->
