<?xml version="1.0" encoding="UTF-8"?>
<testng-results skipped="0" failed="0" total="4" passed="4">
  <reporter-output>
  </reporter-output>
  <suite name="Suite" duration-ms="48073" started-at="2016-07-24T06:11:00Z" finished-at="2016-07-24T06:11:48Z">
    <groups>
      <group name="Regression">
        <method signature="Senario_login.Valid_Login_test(java.lang.String, java.lang.String, java.lang.String, java.lang.String, java.lang.String)[pri:0, instance:testScripts.Senario_login@3c38a5d7]" name="Valid_Login_test" class="testScripts.Senario_login"/>
      </group> <!-- Regression -->
      <group name="SmokeTest">
        <method signature="Search_Scenario.Valid_Search(java.lang.String, java.lang.String, java.lang.String, java.lang.String)[pri:0, instance:testScripts.Search_Scenario@2b0fe524]" name="Valid_Search" class="testScripts.Search_Scenario"/>
        <method signature="Senario_login.Valid_Login_test(java.lang.String, java.lang.String, java.lang.String, java.lang.String, java.lang.String)[pri:0, instance:testScripts.Senario_login@3c38a5d7]" name="Valid_Login_test" class="testScripts.Senario_login"/>
      </group> <!-- SmokeTest -->
      <group name="RegressionTest">
        <method signature="Search_Scenario.Valid_Search(java.lang.String, java.lang.String, java.lang.String, java.lang.String)[pri:0, instance:testScripts.Search_Scenario@2b0fe524]" name="Valid_Search" class="testScripts.Search_Scenario"/>
      </group> <!-- RegressionTest -->
    </groups>
    <test name="Test" duration-ms="48073" started-at="2016-07-24T06:11:00Z" finished-at="2016-07-24T06:11:48Z">
      <class name="testScripts.Senario_login">
        <test-method status="PASS" signature="launchBrowser()[pri:0, instance:testScripts.Senario_login@3c38a5d7]" name="launchBrowser" is-config="true" duration-ms="7878" started-at="2016-07-24T11:41:01Z" finished-at="2016-07-24T11:41:09Z">
          <reporter-output>
          </reporter-output>
        </test-method> <!-- launchBrowser -->
        <test-method status="PASS" signature="Valid_Login_test(java.lang.String, java.lang.String, java.lang.String, java.lang.String, java.lang.String)[pri:0, instance:testScripts.Senario_login@3c38a5d7]" name="Valid_Login_test" duration-ms="5642" started-at="2016-07-24T11:41:09Z" data-provider="DP_validlogin" finished-at="2016-07-24T11:41:15Z">
          <params>
            <param index="0">
              <value>
                <![CDATA[GB_07]]>
              </value>
            </param>
            <param index="1">
              <value>
                <![CDATA[1.0]]>
              </value>
            </param>
            <param index="2">
              <value>
                <![CDATA[qtpworld2008@gmail.com]]>
              </value>
            </param>
            <param index="3">
              <value>
                <![CDATA[learn123]]>
              </value>
            </param>
            <param index="4">
              <value>
                <![CDATA[qtpworld2008 g]]>
              </value>
            </param>
          </params>
          <reporter-output>
          </reporter-output>
        </test-method> <!-- Valid_Login_test -->
        <test-method status="PASS" signature="tearDown()[pri:0, instance:testScripts.Senario_login@3c38a5d7]" name="tearDown" is-config="true" duration-ms="1564" started-at="2016-07-24T11:41:15Z" finished-at="2016-07-24T11:41:16Z">
          <reporter-output>
          </reporter-output>
        </test-method> <!-- tearDown -->
      </class> <!-- testScripts.Senario_login -->
      <class name="testScripts.Search_Scenario">
        <test-method status="PASS" signature="launchBrowser()[pri:0, instance:testScripts.Search_Scenario@2b0fe524]" name="launchBrowser" is-config="true" duration-ms="6139" started-at="2016-07-24T11:41:17Z" finished-at="2016-07-24T11:41:23Z">
          <reporter-output>
          </reporter-output>
        </test-method> <!-- launchBrowser -->
        <test-method status="PASS" signature="Valid_Search(java.lang.String, java.lang.String, java.lang.String, java.lang.String)[pri:0, instance:testScripts.Search_Scenario@2b0fe524]" name="Valid_Search" duration-ms="2849" started-at="2016-07-24T11:41:23Z" data-provider="DP_validSearch" finished-at="2016-07-24T11:41:26Z">
          <params>
            <param index="0">
              <value>
                <![CDATA[GB_09]]>
              </value>
            </param>
            <param index="1">
              <value>
                <![CDATA[1.0]]>
              </value>
            </param>
            <param index="2">
              <value>
                <![CDATA[Ways]]>
              </value>
            </param>
            <param index="3">
              <value>
                <![CDATA[495.0]]>
              </value>
            </param>
          </params>
          <reporter-output>
          </reporter-output>
        </test-method> <!-- Valid_Search -->
        <test-method status="PASS" signature="tearDown()[pri:0, instance:testScripts.Search_Scenario@2b0fe524]" name="tearDown" is-config="true" duration-ms="1266" started-at="2016-07-24T11:41:26Z" finished-at="2016-07-24T11:41:27Z">
          <reporter-output>
          </reporter-output>
        </test-method> <!-- tearDown -->
        <test-method status="PASS" signature="launchBrowser()[pri:0, instance:testScripts.Search_Scenario@2b0fe524]" name="launchBrowser" is-config="true" duration-ms="6233" started-at="2016-07-24T11:41:27Z" finished-at="2016-07-24T11:41:33Z">
          <reporter-output>
          </reporter-output>
        </test-method> <!-- launchBrowser -->
        <test-method status="PASS" signature="Valid_Search(java.lang.String, java.lang.String, java.lang.String, java.lang.String)[pri:0, instance:testScripts.Search_Scenario@2b0fe524]" name="Valid_Search" duration-ms="4133" started-at="2016-07-24T11:41:33Z" data-provider="DP_validSearch" finished-at="2016-07-24T11:41:37Z">
          <params>
            <param index="0">
              <value>
                <![CDATA[GB_10]]>
              </value>
            </param>
            <param index="1">
              <value>
                <![CDATA[1.0]]>
              </value>
            </param>
            <param index="2">
              <value>
                <![CDATA[Chandler]]>
              </value>
            </param>
            <param index="3">
              <value>
                <![CDATA[428.0]]>
              </value>
            </param>
          </params>
          <reporter-output>
          </reporter-output>
        </test-method> <!-- Valid_Search -->
        <test-method status="PASS" signature="tearDown()[pri:0, instance:testScripts.Search_Scenario@2b0fe524]" name="tearDown" is-config="true" duration-ms="1250" started-at="2016-07-24T11:41:37Z" finished-at="2016-07-24T11:41:39Z">
          <reporter-output>
          </reporter-output>
        </test-method> <!-- tearDown -->
        <test-method status="PASS" signature="launchBrowser()[pri:0, instance:testScripts.Search_Scenario@2b0fe524]" name="launchBrowser" is-config="true" duration-ms="6130" started-at="2016-07-24T11:41:39Z" finished-at="2016-07-24T11:41:45Z">
          <reporter-output>
          </reporter-output>
        </test-method> <!-- launchBrowser -->
        <test-method status="PASS" signature="Valid_Search(java.lang.String, java.lang.String, java.lang.String, java.lang.String)[pri:0, instance:testScripts.Search_Scenario@2b0fe524]" name="Valid_Search" duration-ms="1701" started-at="2016-07-24T11:41:45Z" data-provider="DP_validSearch" finished-at="2016-07-24T11:41:46Z">
          <params>
            <param index="0">
              <value>
                <![CDATA[GB_11]]>
              </value>
            </param>
            <param index="1">
              <value>
                <![CDATA[1.0]]>
              </value>
            </param>
            <param index="2">
              <value>
                <![CDATA[Jaico]]>
              </value>
            </param>
            <param index="3">
              <value>
                <![CDATA[4.0]]>
              </value>
            </param>
          </params>
          <reporter-output>
          </reporter-output>
        </test-method> <!-- Valid_Search -->
        <test-method status="PASS" signature="tearDown()[pri:0, instance:testScripts.Search_Scenario@2b0fe524]" name="tearDown" is-config="true" duration-ms="1192" started-at="2016-07-24T11:41:46Z" finished-at="2016-07-24T11:41:48Z">
          <reporter-output>
          </reporter-output>
        </test-method> <!-- tearDown -->
      </class> <!-- testScripts.Search_Scenario -->
    </test> <!-- Test -->
  </suite> <!-- Suite -->
</testng-results>
